[0.231s] colcon DEBUG Command line arguments: ['/usr/bin/colcon', 'build', '--symlink-install', '--packages-select', 'ros2_mapping_support']
[0.231s] colcon DEBUG Parsed command line arguments: Namespace(log_base=None, log_level=None, verb_name='build', build_base='build', install_base='install', merge_install=False, symlink_install=True, test_result_base=None, continue_on_error=False, executor='parallel', parallel_workers=6, event_handlers=None, ignore_user_meta=False, metas=['./colcon.meta'], base_paths=['.'], packages_ignore=None, packages_ignore_regex=None, paths=None, packages_up_to=None, packages_up_to_regex=None, packages_above=None, packages_above_and_dependencies=None, packages_above_depth=None, packages_select_by_dep=None, packages_skip_by_dep=None, packages_skip_up_to=None, packages_select_build_failed=False, packages_skip_build_finished=False, packages_select_test_failures=False, packages_skip_test_passed=False, packages_select=['ros2_mapping_support'], packages_skip=None, packages_select_regex=None, packages_skip_regex=None, packages_start=None, packages_end=None, allow_overriding=[], cmake_args=None, cmake_target=None, cmake_target_skip_unavailable=False, cmake_clean_cache=False, cmake_clean_first=False, cmake_force_configure=False, ament_cmake_args=None, catkin_cmake_args=None, catkin_skip_building_tests=False, mixin_files=None, mixin=None, verb_parser=<colcon_mixin.mixin.mixin_argument.MixinArgumentDecorator object at 0xffff8432c3a0>, verb_extension=<colcon_core.verb.build.BuildVerb object at 0xffff8444d8d0>, main=<bound method BuildVerb.main of <colcon_core.verb.build.BuildVerb object at 0xffff8444d8d0>>, mixin_verb=('build',))
[0.518s] colcon.colcon_core.package_discovery Level 1 discover_packages(colcon_meta) check parameters
[0.518s] colcon.colcon_core.package_discovery Level 1 discover_packages(recursive) check parameters
[0.518s] colcon.colcon_core.package_discovery Level 1 discover_packages(ignore) check parameters
[0.519s] colcon.colcon_core.package_discovery Level 1 discover_packages(path) check parameters
[0.519s] colcon.colcon_core.package_discovery Level 1 discover_packages(colcon_meta) discover
[0.519s] colcon.colcon_core.package_discovery Level 1 discover_packages(recursive) discover
[0.519s] colcon.colcon_core.package_discovery INFO Crawling recursively for packages in '/home/team4/carto_ws'
[0.520s] colcon.colcon_core.package_identification Level 1 _identify(.) by extensions ['ignore', 'ignore_ament_install']
[0.520s] colcon.colcon_core.package_identification Level 1 _identify(.) by extension 'ignore'
[0.520s] colcon.colcon_core.package_identification Level 1 _identify(.) by extension 'ignore_ament_install'
[0.521s] colcon.colcon_core.package_identification Level 1 _identify(.) by extensions ['colcon_pkg']
[0.521s] colcon.colcon_core.package_identification Level 1 _identify(.) by extension 'colcon_pkg'
[0.521s] colcon.colcon_core.package_identification Level 1 _identify(.) by extensions ['colcon_meta']
[0.521s] colcon.colcon_core.package_identification Level 1 _identify(.) by extension 'colcon_meta'
[0.522s] colcon.colcon_core.package_identification Level 1 _identify(.) by extensions ['ros']
[0.522s] colcon.colcon_core.package_identification Level 1 _identify(.) by extension 'ros'
[0.545s] colcon.colcon_core.package_identification Level 1 _identify(.) by extensions ['cmake', 'python']
[0.546s] colcon.colcon_core.package_identification Level 1 _identify(.) by extension 'cmake'
[0.546s] colcon.colcon_core.package_identification Level 1 _identify(.) by extension 'python'
[0.547s] colcon.colcon_core.package_identification Level 1 _identify(.) by extensions ['python_setup_py']
[0.547s] colcon.colcon_core.package_identification Level 1 _identify(.) by extension 'python_setup_py'
[0.547s] colcon.colcon_core.package_identification Level 1 _identify(build) by extensions ['ignore', 'ignore_ament_install']
[0.548s] colcon.colcon_core.package_identification Level 1 _identify(build) by extension 'ignore'
[0.548s] colcon.colcon_core.package_identification Level 1 _identify(build) ignored
[0.548s] colcon.colcon_core.package_identification Level 1 _identify(install) by extensions ['ignore', 'ignore_ament_install']
[0.549s] colcon.colcon_core.package_identification Level 1 _identify(install) by extension 'ignore'
[0.549s] colcon.colcon_core.package_identification Level 1 _identify(install) ignored
[0.549s] colcon.colcon_core.package_identification Level 1 _identify(log) by extensions ['ignore', 'ignore_ament_install']
[0.550s] colcon.colcon_core.package_identification Level 1 _identify(log) by extension 'ignore'
[0.550s] colcon.colcon_core.package_identification Level 1 _identify(log) ignored
[0.550s] colcon.colcon_core.package_identification Level 1 _identify(src) by extensions ['ignore', 'ignore_ament_install']
[0.550s] colcon.colcon_core.package_identification Level 1 _identify(src) by extension 'ignore'
[0.551s] colcon.colcon_core.package_identification Level 1 _identify(src) by extension 'ignore_ament_install'
[0.551s] colcon.colcon_core.package_identification Level 1 _identify(src) by extensions ['colcon_pkg']
[0.551s] colcon.colcon_core.package_identification Level 1 _identify(src) by extension 'colcon_pkg'
[0.551s] colcon.colcon_core.package_identification Level 1 _identify(src) by extensions ['colcon_meta']
[0.552s] colcon.colcon_core.package_identification Level 1 _identify(src) by extension 'colcon_meta'
[0.552s] colcon.colcon_core.package_identification Level 1 _identify(src) by extensions ['ros']
[0.552s] colcon.colcon_core.package_identification Level 1 _identify(src) by extension 'ros'
[0.552s] colcon.colcon_core.package_identification Level 1 _identify(src) by extensions ['cmake', 'python']
[0.552s] colcon.colcon_core.package_identification Level 1 _identify(src) by extension 'cmake'
[0.553s] colcon.colcon_core.package_identification Level 1 _identify(src) by extension 'python'
[0.553s] colcon.colcon_core.package_identification Level 1 _identify(src) by extensions ['python_setup_py']
[0.553s] colcon.colcon_core.package_identification Level 1 _identify(src) by extension 'python_setup_py'
[0.553s] colcon.colcon_core.package_identification Level 1 _identify(src/ros2_mapping_support) by extensions ['ignore', 'ignore_ament_install']
[0.554s] colcon.colcon_core.package_identification Level 1 _identify(src/ros2_mapping_support) by extension 'ignore'
[0.554s] colcon.colcon_core.package_identification Level 1 _identify(src/ros2_mapping_support) by extension 'ignore_ament_install'
[0.554s] colcon.colcon_core.package_identification Level 1 _identify(src/ros2_mapping_support) by extensions ['colcon_pkg']
[0.554s] colcon.colcon_core.package_identification Level 1 _identify(src/ros2_mapping_support) by extension 'colcon_pkg'
[0.555s] colcon.colcon_core.package_identification Level 1 _identify(src/ros2_mapping_support) by extensions ['colcon_meta']
[0.555s] colcon.colcon_core.package_identification Level 1 _identify(src/ros2_mapping_support) by extension 'colcon_meta'
[0.555s] colcon.colcon_core.package_identification Level 1 _identify(src/ros2_mapping_support) by extensions ['ros']
[0.555s] colcon.colcon_core.package_identification Level 1 _identify(src/ros2_mapping_support) by extension 'ros'
[0.561s] colcon.colcon_core.package_identification DEBUG Package 'src/ros2_mapping_support' with type 'ros.ament_python' and name 'ros2_mapping_support'
[0.562s] colcon.colcon_core.package_identification Level 1 _identify(tools) by extensions ['ignore', 'ignore_ament_install']
[0.562s] colcon.colcon_core.package_identification Level 1 _identify(tools) by extension 'ignore'
[0.563s] colcon.colcon_core.package_identification Level 1 _identify(tools) by extension 'ignore_ament_install'
[0.563s] colcon.colcon_core.package_identification Level 1 _identify(tools) by extensions ['colcon_pkg']
[0.563s] colcon.colcon_core.package_identification Level 1 _identify(tools) by extension 'colcon_pkg'
[0.563s] colcon.colcon_core.package_identification Level 1 _identify(tools) by extensions ['colcon_meta']
[0.563s] colcon.colcon_core.package_identification Level 1 _identify(tools) by extension 'colcon_meta'
[0.564s] colcon.colcon_core.package_identification Level 1 _identify(tools) by extensions ['ros']
[0.564s] colcon.colcon_core.package_identification Level 1 _identify(tools) by extension 'ros'
[0.564s] colcon.colcon_core.package_identification Level 1 _identify(tools) by extensions ['cmake', 'python']
[0.564s] colcon.colcon_core.package_identification Level 1 _identify(tools) by extension 'cmake'
[0.565s] colcon.colcon_core.package_identification Level 1 _identify(tools) by extension 'python'
[0.565s] colcon.colcon_core.package_identification Level 1 _identify(tools) by extensions ['python_setup_py']
[0.565s] colcon.colcon_core.package_identification Level 1 _identify(tools) by extension 'python_setup_py'
[0.565s] colcon.colcon_core.package_discovery Level 1 discover_packages(recursive) using defaults
[0.566s] colcon.colcon_core.package_discovery Level 1 discover_packages(ignore) discover
[0.566s] colcon.colcon_core.package_discovery Level 1 discover_packages(ignore) using defaults
[0.566s] colcon.colcon_core.package_discovery Level 1 discover_packages(path) discover
[0.566s] colcon.colcon_core.package_discovery Level 1 discover_packages(path) using defaults
[0.597s] colcon.colcon_core.package_discovery Level 1 discover_packages(prefix_path) check parameters
[0.598s] colcon.colcon_core.package_discovery Level 1 discover_packages(prefix_path) discover
[0.599s] colcon.colcon_core.package_discovery Level 1 discover_packages(prefix_path) using defaults
[0.602s] colcon.colcon_core.verb Level 5 set package 'ros2_mapping_support' build argument 'cmake_args' from command line to 'None'
[0.602s] colcon.colcon_core.verb Level 5 set package 'ros2_mapping_support' build argument 'cmake_target' from command line to 'None'
[0.602s] colcon.colcon_core.verb Level 5 set package 'ros2_mapping_support' build argument 'cmake_target_skip_unavailable' from command line to 'False'
[0.602s] colcon.colcon_core.verb Level 5 set package 'ros2_mapping_support' build argument 'cmake_clean_cache' from command line to 'False'
[0.603s] colcon.colcon_core.verb Level 5 set package 'ros2_mapping_support' build argument 'cmake_clean_first' from command line to 'False'
[0.603s] colcon.colcon_core.verb Level 5 set package 'ros2_mapping_support' build argument 'cmake_force_configure' from command line to 'False'
[0.603s] colcon.colcon_core.verb Level 5 set package 'ros2_mapping_support' build argument 'ament_cmake_args' from command line to 'None'
[0.603s] colcon.colcon_core.verb Level 5 set package 'ros2_mapping_support' build argument 'catkin_cmake_args' from command line to 'None'
[0.603s] colcon.colcon_core.verb Level 5 set package 'ros2_mapping_support' build argument 'catkin_skip_building_tests' from command line to 'False'
[0.604s] colcon.colcon_core.verb DEBUG Building package 'ros2_mapping_support' with the following arguments: {'ament_cmake_args': None, 'build_base': '/home/team4/carto_ws/build/ros2_mapping_support', 'catkin_cmake_args': None, 'catkin_skip_building_tests': False, 'cmake_args': None, 'cmake_clean_cache': False, 'cmake_clean_first': False, 'cmake_force_configure': False, 'cmake_target': None, 'cmake_target_skip_unavailable': False, 'install_base': '/home/team4/carto_ws/install/ros2_mapping_support', 'merge_install': False, 'path': '/home/team4/carto_ws/src/ros2_mapping_support', 'symlink_install': True, 'test_result_base': None}
[0.604s] colcon.colcon_core.executor INFO Executing jobs using 'parallel' executor
[0.607s] colcon.colcon_parallel_executor.executor.parallel DEBUG run_until_complete
[0.608s] colcon.colcon_ros.task.ament_python.build INFO Building ROS package in '/home/team4/carto_ws/src/ros2_mapping_support' with build type 'ament_python'
[0.608s] colcon.colcon_core.shell Level 1 create_environment_hook('ros2_mapping_support', 'ament_prefix_path')
[0.612s] colcon.colcon_core.plugin_system INFO Skipping extension 'colcon_core.shell.bat': Not used on non-Windows systems
[0.613s] colcon.colcon_core.shell INFO Creating environment hook '/home/team4/carto_ws/install/ros2_mapping_support/share/ros2_mapping_support/hook/ament_prefix_path.ps1'
[0.615s] colcon.colcon_core.shell INFO Creating environment descriptor '/home/team4/carto_ws/install/ros2_mapping_support/share/ros2_mapping_support/hook/ament_prefix_path.dsv'
[0.617s] colcon.colcon_core.shell INFO Creating environment hook '/home/team4/carto_ws/install/ros2_mapping_support/share/ros2_mapping_support/hook/ament_prefix_path.sh'
[0.619s] colcon.colcon_core.shell INFO Skip shell extension 'powershell' for command environment: Not usable outside of PowerShell
[0.620s] colcon.colcon_core.shell DEBUG Skip shell extension 'dsv' for command environment
[1.145s] colcon.colcon_core.task.python.build INFO Building Python package in '/home/team4/carto_ws/src/ros2_mapping_support'
[1.146s] colcon.colcon_core.shell INFO Skip shell extension 'powershell' for command environment: Not usable outside of PowerShell
[1.146s] colcon.colcon_core.shell DEBUG Skip shell extension 'dsv' for command environment
[1.846s] colcon.colcon_core.event_handler.log_command DEBUG Invoking command in '/home/team4/carto_ws/build/ros2_mapping_support': PYTHONPATH=/home/team4/carto_ws/build/ros2_mapping_support/prefix_override:/usr/lib/python3/dist-packages/colcon_core/task/python/colcon_distutils_commands:/home/team4/carto_ws/install/ros2_mapping_support/lib/python3.10/site-packages: /usr/bin/python3 -W ignore:setup.py install is deprecated -W ignore:easy_install command is deprecated setup.py develop --editable --build-directory /home/team4/carto_ws/build/ros2_mapping_support/build --no-deps symlink_data
[2.700s] colcon.colcon_core.shell Level 1 create_environment_hook('ros2_mapping_support', 'pythonpath_develop')
[2.701s] colcon.colcon_core.shell INFO Creating environment hook '/home/team4/carto_ws/build/ros2_mapping_support/share/ros2_mapping_support/hook/pythonpath_develop.ps1'
[2.703s] colcon.colcon_core.event_handler.log_command DEBUG Invoked command in '/home/team4/carto_ws/build/ros2_mapping_support' returned '0': PYTHONPATH=/home/team4/carto_ws/build/ros2_mapping_support/prefix_override:/usr/lib/python3/dist-packages/colcon_core/task/python/colcon_distutils_commands:/home/team4/carto_ws/install/ros2_mapping_support/lib/python3.10/site-packages: /usr/bin/python3 -W ignore:setup.py install is deprecated -W ignore:easy_install command is deprecated setup.py develop --editable --build-directory /home/team4/carto_ws/build/ros2_mapping_support/build --no-deps symlink_data
[2.704s] colcon.colcon_core.shell INFO Creating environment descriptor '/home/team4/carto_ws/build/ros2_mapping_support/share/ros2_mapping_support/hook/pythonpath_develop.dsv'
[2.705s] colcon.colcon_core.shell INFO Creating environment hook '/home/team4/carto_ws/build/ros2_mapping_support/share/ros2_mapping_support/hook/pythonpath_develop.sh'
[2.711s] colcon.colcon_core.environment Level 1 checking '/home/team4/carto_ws/install/ros2_mapping_support' for CMake module files
[2.712s] colcon.colcon_core.environment Level 1 checking '/home/team4/carto_ws/install/ros2_mapping_support' for CMake config files
[2.715s] colcon.colcon_core.environment Level 1 checking '/home/team4/carto_ws/install/ros2_mapping_support/lib'
[2.716s] colcon.colcon_core.environment Level 1 checking '/home/team4/carto_ws/install/ros2_mapping_support/bin'
[2.716s] colcon.colcon_core.environment Level 1 checking '/home/team4/carto_ws/install/ros2_mapping_support/lib/pkgconfig/ros2_mapping_support.pc'
[2.717s] colcon.colcon_core.environment Level 1 checking '/home/team4/carto_ws/install/ros2_mapping_support/lib/python3.10/site-packages'
[2.717s] colcon.colcon_core.shell Level 1 create_environment_hook('ros2_mapping_support', 'pythonpath')
[2.718s] colcon.colcon_core.shell INFO Creating environment hook '/home/team4/carto_ws/install/ros2_mapping_support/share/ros2_mapping_support/hook/pythonpath.ps1'
[2.720s] colcon.colcon_core.shell INFO Creating environment descriptor '/home/team4/carto_ws/install/ros2_mapping_support/share/ros2_mapping_support/hook/pythonpath.dsv'
[2.721s] colcon.colcon_core.shell INFO Creating environment hook '/home/team4/carto_ws/install/ros2_mapping_support/share/ros2_mapping_support/hook/pythonpath.sh'
[2.724s] colcon.colcon_core.environment Level 1 checking '/home/team4/carto_ws/install/ros2_mapping_support/bin'
[2.724s] colcon.colcon_core.environment Level 1 create_environment_scripts_only(ros2_mapping_support)
[2.725s] colcon.colcon_core.shell INFO Creating package script '/home/team4/carto_ws/install/ros2_mapping_support/share/ros2_mapping_support/package.ps1'
[2.729s] colcon.colcon_core.shell INFO Creating package descriptor '/home/team4/carto_ws/install/ros2_mapping_support/share/ros2_mapping_support/package.dsv'
[2.731s] colcon.colcon_core.shell INFO Creating package script '/home/team4/carto_ws/install/ros2_mapping_support/share/ros2_mapping_support/package.sh'
[2.734s] colcon.colcon_core.shell INFO Creating package script '/home/team4/carto_ws/install/ros2_mapping_support/share/ros2_mapping_support/package.bash'
[2.771s] colcon.colcon_core.shell INFO Creating package script '/home/team4/carto_ws/install/ros2_mapping_support/share/ros2_mapping_support/package.zsh'
[2.773s] colcon.colcon_core.environment Level 1 create_file_with_runtime_dependencies(/home/team4/carto_ws/install/ros2_mapping_support/share/colcon-core/packages/ros2_mapping_support)
[2.774s] colcon.colcon_parallel_executor.executor.parallel DEBUG closing loop
[2.775s] colcon.colcon_parallel_executor.executor.parallel DEBUG loop closed
[2.775s] colcon.colcon_parallel_executor.executor.parallel DEBUG run_until_complete finished with '0'
[2.775s] colcon.colcon_core.event_reactor DEBUG joining thread
[2.790s] colcon.colcon_core.plugin_system INFO Skipping extension 'colcon_notification.desktop_notification.terminal_notifier': Not used on non-Darwin systems
[2.790s] colcon.colcon_core.plugin_system INFO Skipping extension 'colcon_notification.desktop_notification.win32': Not used on non-Windows systems
[2.791s] colcon.colcon_notification.desktop_notification INFO Sending desktop notification using 'notify2'
[2.831s] colcon.colcon_core.event_reactor DEBUG joined thread
[2.832s] colcon.colcon_core.shell INFO Creating prefix script '/home/team4/carto_ws/install/local_setup.ps1'
[2.834s] colcon.colcon_core.shell INFO Creating prefix util module '/home/team4/carto_ws/install/_local_setup_util_ps1.py'
[2.837s] colcon.colcon_core.shell INFO Creating prefix chain script '/home/team4/carto_ws/install/setup.ps1'
[2.840s] colcon.colcon_core.shell INFO Creating prefix script '/home/team4/carto_ws/install/local_setup.sh'
[2.841s] colcon.colcon_core.shell INFO Creating prefix util module '/home/team4/carto_ws/install/_local_setup_util_sh.py'
[2.843s] colcon.colcon_core.shell INFO Creating prefix chain script '/home/team4/carto_ws/install/setup.sh'
[2.845s] colcon.colcon_core.shell INFO Creating prefix script '/home/team4/carto_ws/install/local_setup.bash'
[2.847s] colcon.colcon_core.shell INFO Creating prefix chain script '/home/team4/carto_ws/install/setup.bash'
[2.849s] colcon.colcon_core.shell INFO Creating prefix script '/home/team4/carto_ws/install/local_setup.zsh'
[2.850s] colcon.colcon_core.shell INFO Creating prefix chain script '/home/team4/carto_ws/install/setup.zsh'
