[1.510s] Invoking command in '/home/team4/carto_ws/build/ros2_mapping_support': PYTHONPATH=/home/team4/carto_ws/build/ros2_mapping_support/prefix_override:/usr/lib/python3/dist-packages/colcon_core/task/python/colcon_distutils_commands:/home/team4/carto_ws/install/ros2_mapping_support/lib/python3.10/site-packages:${PYTHONPATH} /usr/bin/python3 -W ignore:setup.py install is deprecated -W ignore:easy_install command is deprecated setup.py develop --editable --build-directory /home/team4/carto_ws/build/ros2_mapping_support/build --no-deps symlink_data
[2.073s] running develop
[2.478s] running egg_info
[2.479s] creating ros2_mapping_support.egg-info
[2.479s] writing ros2_mapping_support.egg-info/PKG-INFO
[2.479s] writing dependency_links to ros2_mapping_support.egg-info/dependency_links.txt
[2.480s] writing entry points to ros2_mapping_support.egg-info/entry_points.txt
[2.480s] writing requirements to ros2_mapping_support.egg-info/requires.txt
[2.480s] writing top-level names to ros2_mapping_support.egg-info/top_level.txt
[2.480s] writing manifest file 'ros2_mapping_support.egg-info/SOURCES.txt'
[2.484s] reading manifest file 'ros2_mapping_support.egg-info/SOURCES.txt'
[2.485s] writing manifest file 'ros2_mapping_support.egg-info/SOURCES.txt'
[2.489s] running build_ext
[2.489s] Creating /home/team4/carto_ws/install/ros2_mapping_support/lib/python3.10/site-packages/ros2-mapping-support.egg-link (link to .)
[2.491s] Installing bno055_imu_node script to /home/team4/carto_ws/install/ros2_mapping_support/lib/ros2_mapping_support
[2.491s] Installing motor_driver_pca_reg_dual script to /home/team4/carto_ws/install/ros2_mapping_support/lib/ros2_mapping_support
[2.492s] 
[2.492s] Installed /home/team4/carto_ws/build/ros2_mapping_support
[2.492s] running symlink_data
[2.492s] creating /home/team4/carto_ws/install/ros2_mapping_support/share/ament_index
[2.492s] creating /home/team4/carto_ws/install/ros2_mapping_support/share/ament_index/resource_index
[2.492s] creating /home/team4/carto_ws/install/ros2_mapping_support/share/ament_index/resource_index/packages
[2.493s] symbolically linking /home/team4/carto_ws/build/ros2_mapping_support/resource/ros2_mapping_support -> /home/team4/carto_ws/install/ros2_mapping_support/share/ament_index/resource_index/packages
[2.493s] symbolically linking /home/team4/carto_ws/build/ros2_mapping_support/package.xml -> /home/team4/carto_ws/install/ros2_mapping_support/share/ros2_mapping_support
[2.493s] creating /home/team4/carto_ws/install/ros2_mapping_support/share/ros2_mapping_support/config
[2.493s] symbolically linking /home/team4/carto_ws/build/ros2_mapping_support/config/cartographer_2d_no_odom.lua -> /home/team4/carto_ws/install/ros2_mapping_support/share/ros2_mapping_support/config
[2.493s] symbolically linking /home/team4/carto_ws/build/ros2_mapping_support/config/nav2_params_cartographer_slam.yaml -> /home/team4/carto_ws/install/ros2_mapping_support/share/ros2_mapping_support/config
[2.493s] creating /home/team4/carto_ws/install/ros2_mapping_support/share/ros2_mapping_support/launch
[2.494s] symbolically linking /home/team4/carto_ws/build/ros2_mapping_support/launch/cartographer_lidar_imu.launch.py -> /home/team4/carto_ws/install/ros2_mapping_support/share/ros2_mapping_support/launch
[2.494s] symbolically linking /home/team4/carto_ws/build/ros2_mapping_support/launch/full_system_cartographer_nav2.launch.py -> /home/team4/carto_ws/install/ros2_mapping_support/share/ros2_mapping_support/launch
[2.582s] Invoked command in '/home/team4/carto_ws/build/ros2_mapping_support' returned '0': PYTHONPATH=/home/team4/carto_ws/build/ros2_mapping_support/prefix_override:/usr/lib/python3/dist-packages/colcon_core/task/python/colcon_distutils_commands:/home/team4/carto_ws/install/ros2_mapping_support/lib/python3.10/site-packages:${PYTHONPATH} /usr/bin/python3 -W ignore:setup.py install is deprecated -W ignore:easy_install command is deprecated setup.py develop --editable --build-directory /home/team4/carto_ws/build/ros2_mapping_support/build --no-deps symlink_data
