[1.588s] Invoking command in '/home/team4/carto_ws/build/ros2_mapping_support': PYTHONPATH=/home/team4/carto_ws/build/ros2_mapping_support/prefix_override:/usr/lib/python3/dist-packages/colcon_core/task/python/colcon_distutils_commands:/home/team4/carto_ws/install/ros2_mapping_support/lib/python3.10/site-packages:${PYTHONPATH} /usr/bin/python3 -W ignore:setup.py install is deprecated -W ignore:easy_install command is deprecated setup.py develop --editable --build-directory /home/team4/carto_ws/build/ros2_mapping_support/build --no-deps symlink_data
[2.249s] running develop
[2.653s] running egg_info
[2.653s] creating ros2_mapping_support.egg-info
[2.653s] writing ros2_mapping_support.egg-info/PKG-INFO
[2.654s] writing dependency_links to ros2_mapping_support.egg-info/dependency_links.txt
[2.654s] writing entry points to ros2_mapping_support.egg-info/entry_points.txt
[2.655s] writing requirements to ros2_mapping_support.egg-info/requires.txt
[2.655s] writing top-level names to ros2_mapping_support.egg-info/top_level.txt
[2.655s] writing manifest file 'ros2_mapping_support.egg-info/SOURCES.txt'
[2.659s] reading manifest file 'ros2_mapping_support.egg-info/SOURCES.txt'
[2.660s] writing manifest file 'ros2_mapping_support.egg-info/SOURCES.txt'
[2.664s] running build_ext
[2.664s] Creating /home/team4/carto_ws/install/ros2_mapping_support/lib/python3.10/site-packages/ros2-mapping-support.egg-link (link to .)
[2.666s] Installing bno055_imu_node script to /home/team4/carto_ws/install/ros2_mapping_support/lib/ros2_mapping_support
[2.666s] Installing motor_driver_pca_reg_dual script to /home/team4/carto_ws/install/ros2_mapping_support/lib/ros2_mapping_support
[2.667s] 
[2.667s] Installed /home/team4/carto_ws/build/ros2_mapping_support
[2.667s] running symlink_data
[2.668s] creating /home/team4/carto_ws/install/ros2_mapping_support/share/ament_index
[2.668s] creating /home/team4/carto_ws/install/ros2_mapping_support/share/ament_index/resource_index
[2.668s] creating /home/team4/carto_ws/install/ros2_mapping_support/share/ament_index/resource_index/packages
[2.668s] symbolically linking /home/team4/carto_ws/build/ros2_mapping_support/resource/ros2_mapping_support -> /home/team4/carto_ws/install/ros2_mapping_support/share/ament_index/resource_index/packages
[2.668s] symbolically linking /home/team4/carto_ws/build/ros2_mapping_support/package.xml -> /home/team4/carto_ws/install/ros2_mapping_support/share/ros2_mapping_support
[2.669s] creating /home/team4/carto_ws/install/ros2_mapping_support/share/ros2_mapping_support/config
[2.669s] symbolically linking /home/team4/carto_ws/build/ros2_mapping_support/config/cartographer_2d_no_odom.lua -> /home/team4/carto_ws/install/ros2_mapping_support/share/ros2_mapping_support/config
[2.669s] symbolically linking /home/team4/carto_ws/build/ros2_mapping_support/config/nav2_params_cartographer_slam.yaml -> /home/team4/carto_ws/install/ros2_mapping_support/share/ros2_mapping_support/config
[2.669s] creating /home/team4/carto_ws/install/ros2_mapping_support/share/ros2_mapping_support/launch
[2.669s] symbolically linking /home/team4/carto_ws/build/ros2_mapping_support/launch/cartographer_lidar_imu.launch.py -> /home/team4/carto_ws/install/ros2_mapping_support/share/ros2_mapping_support/launch
[2.669s] symbolically linking /home/team4/carto_ws/build/ros2_mapping_support/launch/full_system_cartographer_nav2.launch.py -> /home/team4/carto_ws/install/ros2_mapping_support/share/ros2_mapping_support/launch
[2.761s] Invoked command in '/home/team4/carto_ws/build/ros2_mapping_support' returned '0': PYTHONPATH=/home/team4/carto_ws/build/ros2_mapping_support/prefix_override:/usr/lib/python3/dist-packages/colcon_core/task/python/colcon_distutils_commands:/home/team4/carto_ws/install/ros2_mapping_support/lib/python3.10/site-packages:${PYTHONPATH} /usr/bin/python3 -W ignore:setup.py install is deprecated -W ignore:easy_install command is deprecated setup.py develop --editable --build-directory /home/team4/carto_ws/build/ros2_mapping_support/build --no-deps symlink_data
