[0.398s] [34mcolcon[0m [1;30mDEBUG[0m [32mCommand line arguments: ['/usr/bin/colcon', 'build', '--symlink-install'][0m
[0.399s] [34mcolcon[0m [1;30mDEBUG[0m [32mParsed command line arguments: Namespace(log_base=None, log_level=None, verb_name='build', build_base='build', install_base='install', merge_install=False, symlink_install=True, test_result_base=None, continue_on_error=False, executor='parallel', parallel_workers=6, event_handlers=None, ignore_user_meta=False, metas=['./colcon.meta'], base_paths=['.'], packages_ignore=None, packages_ignore_regex=None, paths=None, packages_up_to=None, packages_up_to_regex=None, packages_above=None, packages_above_and_dependencies=None, packages_above_depth=None, packages_select_by_dep=None, packages_skip_by_dep=None, packages_skip_up_to=None, packages_select_build_failed=False, packages_skip_build_finished=False, packages_select_test_failures=False, packages_skip_test_passed=False, packages_select=None, packages_skip=None, packages_select_regex=None, packages_skip_regex=None, packages_start=None, packages_end=None, allow_overriding=[], cmake_args=None, cmake_target=None, cmake_target_skip_unavailable=False, cmake_clean_cache=False, cmake_clean_first=False, cmake_force_configure=False, ament_cmake_args=None, catkin_cmake_args=None, catkin_skip_building_tests=False, mixin_files=None, mixin=None, verb_parser=<colcon_mixin.mixin.mixin_argument.MixinArgumentDecorator object at 0xffffa81a0e50>, verb_extension=<colcon_core.verb.build.BuildVerb object at 0xffffa82c64a0>, main=<bound method BuildVerb.main of <colcon_core.verb.build.BuildVerb object at 0xffffa82c64a0>>, mixin_verb=('build',))[0m
[0.996s] [34mcolcon.colcon_core.package_discovery[0m [1;30mLevel 1[0m discover_packages(colcon_meta) check parameters
[0.997s] [34mcolcon.colcon_core.package_discovery[0m [1;30mLevel 1[0m discover_packages(recursive) check parameters
[0.997s] [34mcolcon.colcon_core.package_discovery[0m [1;30mLevel 1[0m discover_packages(ignore) check parameters
[0.997s] [34mcolcon.colcon_core.package_discovery[0m [1;30mLevel 1[0m discover_packages(path) check parameters
[0.997s] [34mcolcon.colcon_core.package_discovery[0m [1;30mLevel 1[0m discover_packages(colcon_meta) discover
[0.997s] [34mcolcon.colcon_core.package_discovery[0m [1;30mLevel 1[0m discover_packages(recursive) discover
[0.997s] [34mcolcon.colcon_core.package_discovery[0m [1;30mINFO[0m Crawling recursively for packages in '/home/team4/carto_ws'
[0.997s] [34mcolcon.colcon_core.package_identification[0m [1;30mLevel 1[0m _identify(.) by extensions ['ignore', 'ignore_ament_install']
[0.998s] [34mcolcon.colcon_core.package_identification[0m [1;30mLevel 1[0m _identify(.) by extension 'ignore'
[0.998s] [34mcolcon.colcon_core.package_identification[0m [1;30mLevel 1[0m _identify(.) by extension 'ignore_ament_install'
[0.998s] [34mcolcon.colcon_core.package_identification[0m [1;30mLevel 1[0m _identify(.) by extensions ['colcon_pkg']
[0.998s] [34mcolcon.colcon_core.package_identification[0m [1;30mLevel 1[0m _identify(.) by extension 'colcon_pkg'
[0.998s] [34mcolcon.colcon_core.package_identification[0m [1;30mLevel 1[0m _identify(.) by extensions ['colcon_meta']
[0.998s] [34mcolcon.colcon_core.package_identification[0m [1;30mLevel 1[0m _identify(.) by extension 'colcon_meta'
[0.998s] [34mcolcon.colcon_core.package_identification[0m [1;30mLevel 1[0m _identify(.) by extensions ['ros']
[0.998s] [34mcolcon.colcon_core.package_identification[0m [1;30mLevel 1[0m _identify(.) by extension 'ros'
[1.060s] [34mcolcon.colcon_core.package_identification[0m [1;30mLevel 1[0m _identify(.) by extensions ['cmake', 'python']
[1.060s] [34mcolcon.colcon_core.package_identification[0m [1;30mLevel 1[0m _identify(.) by extension 'cmake'
[1.061s] [34mcolcon.colcon_core.package_identification[0m [1;30mLevel 1[0m _identify(.) by extension 'python'
[1.061s] [34mcolcon.colcon_core.package_identification[0m [1;30mLevel 1[0m _identify(.) by extensions ['python_setup_py']
[1.061s] [34mcolcon.colcon_core.package_identification[0m [1;30mLevel 1[0m _identify(.) by extension 'python_setup_py'
[1.061s] [34mcolcon.colcon_core.package_identification[0m [1;30mLevel 1[0m _identify(build) by extensions ['ignore', 'ignore_ament_install']
[1.061s] [34mcolcon.colcon_core.package_identification[0m [1;30mLevel 1[0m _identify(build) by extension 'ignore'
[1.061s] [34mcolcon.colcon_core.package_identification[0m [1;30mLevel 1[0m _identify(build) ignored
[1.062s] [34mcolcon.colcon_core.package_identification[0m [1;30mLevel 1[0m _identify(install) by extensions ['ignore', 'ignore_ament_install']
[1.062s] [34mcolcon.colcon_core.package_identification[0m [1;30mLevel 1[0m _identify(install) by extension 'ignore'
[1.062s] [34mcolcon.colcon_core.package_identification[0m [1;30mLevel 1[0m _identify(install) ignored
[1.063s] [34mcolcon.colcon_core.package_identification[0m [1;30mLevel 1[0m _identify(log) by extensions ['ignore', 'ignore_ament_install']
[1.063s] [34mcolcon.colcon_core.package_identification[0m [1;30mLevel 1[0m _identify(log) by extension 'ignore'
[1.063s] [34mcolcon.colcon_core.package_identification[0m [1;30mLevel 1[0m _identify(log) ignored
[1.064s] [34mcolcon.colcon_core.package_identification[0m [1;30mLevel 1[0m _identify(src) by extensions ['ignore', 'ignore_ament_install']
[1.064s] [34mcolcon.colcon_core.package_identification[0m [1;30mLevel 1[0m _identify(src) by extension 'ignore'
[1.064s] [34mcolcon.colcon_core.package_identification[0m [1;30mLevel 1[0m _identify(src) by extension 'ignore_ament_install'
[1.065s] [34mcolcon.colcon_core.package_identification[0m [1;30mLevel 1[0m _identify(src) by extensions ['colcon_pkg']
[1.065s] [34mcolcon.colcon_core.package_identification[0m [1;30mLevel 1[0m _identify(src) by extension 'colcon_pkg'
[1.065s] [34mcolcon.colcon_core.package_identification[0m [1;30mLevel 1[0m _identify(src) by extensions ['colcon_meta']
[1.065s] [34mcolcon.colcon_core.package_identification[0m [1;30mLevel 1[0m _identify(src) by extension 'colcon_meta'
[1.065s] [34mcolcon.colcon_core.package_identification[0m [1;30mLevel 1[0m _identify(src) by extensions ['ros']
[1.066s] [34mcolcon.colcon_core.package_identification[0m [1;30mLevel 1[0m _identify(src) by extension 'ros'
[1.066s] [34mcolcon.colcon_core.package_identification[0m [1;30mLevel 1[0m _identify(src) by extensions ['cmake', 'python']
[1.066s] [34mcolcon.colcon_core.package_identification[0m [1;30mLevel 1[0m _identify(src) by extension 'cmake'
[1.066s] [34mcolcon.colcon_core.package_identification[0m [1;30mLevel 1[0m _identify(src) by extension 'python'
[1.067s] [34mcolcon.colcon_core.package_identification[0m [1;30mLevel 1[0m _identify(src) by extensions ['python_setup_py']
[1.067s] [34mcolcon.colcon_core.package_identification[0m [1;30mLevel 1[0m _identify(src) by extension 'python_setup_py'
[1.067s] [34mcolcon.colcon_core.package_identification[0m [1;30mLevel 1[0m _identify(src/ros2_mapping_support) by extensions ['ignore', 'ignore_ament_install']
[1.068s] [34mcolcon.colcon_core.package_identification[0m [1;30mLevel 1[0m _identify(src/ros2_mapping_support) by extension 'ignore'
[1.068s] [34mcolcon.colcon_core.package_identification[0m [1;30mLevel 1[0m _identify(src/ros2_mapping_support) by extension 'ignore_ament_install'
[1.068s] [34mcolcon.colcon_core.package_identification[0m [1;30mLevel 1[0m _identify(src/ros2_mapping_support) by extensions ['colcon_pkg']
[1.068s] [34mcolcon.colcon_core.package_identification[0m [1;30mLevel 1[0m _identify(src/ros2_mapping_support) by extension 'colcon_pkg'
[1.069s] [34mcolcon.colcon_core.package_identification[0m [1;30mLevel 1[0m _identify(src/ros2_mapping_support) by extensions ['colcon_meta']
[1.069s] [34mcolcon.colcon_core.package_identification[0m [1;30mLevel 1[0m _identify(src/ros2_mapping_support) by extension 'colcon_meta'
[1.069s] [34mcolcon.colcon_core.package_identification[0m [1;30mLevel 1[0m _identify(src/ros2_mapping_support) by extensions ['ros']
[1.069s] [34mcolcon.colcon_core.package_identification[0m [1;30mLevel 1[0m _identify(src/ros2_mapping_support) by extension 'ros'
[1.093s] [34mcolcon.colcon_core.package_identification[0m [1;30mDEBUG[0m [32mPackage 'src/ros2_mapping_support' with type 'ros.ament_python' and name 'ros2_mapping_support'[0m
[1.094s] [34mcolcon.colcon_core.package_identification[0m [1;30mLevel 1[0m _identify(tools) by extensions ['ignore', 'ignore_ament_install']
[1.094s] [34mcolcon.colcon_core.package_identification[0m [1;30mLevel 1[0m _identify(tools) by extension 'ignore'
[1.094s] [34mcolcon.colcon_core.package_identification[0m [1;30mLevel 1[0m _identify(tools) by extension 'ignore_ament_install'
[1.094s] [34mcolcon.colcon_core.package_identification[0m [1;30mLevel 1[0m _identify(tools) by extensions ['colcon_pkg']
[1.094s] [34mcolcon.colcon_core.package_identification[0m [1;30mLevel 1[0m _identify(tools) by extension 'colcon_pkg'
[1.094s] [34mcolcon.colcon_core.package_identification[0m [1;30mLevel 1[0m _identify(tools) by extensions ['colcon_meta']
[1.094s] [34mcolcon.colcon_core.package_identification[0m [1;30mLevel 1[0m _identify(tools) by extension 'colcon_meta'
[1.095s] [34mcolcon.colcon_core.package_identification[0m [1;30mLevel 1[0m _identify(tools) by extensions ['ros']
[1.095s] [34mcolcon.colcon_core.package_identification[0m [1;30mLevel 1[0m _identify(tools) by extension 'ros'
[1.095s] [34mcolcon.colcon_core.package_identification[0m [1;30mLevel 1[0m _identify(tools) by extensions ['cmake', 'python']
[1.095s] [34mcolcon.colcon_core.package_identification[0m [1;30mLevel 1[0m _identify(tools) by extension 'cmake'
[1.095s] [34mcolcon.colcon_core.package_identification[0m [1;30mLevel 1[0m _identify(tools) by extension 'python'
[1.095s] [34mcolcon.colcon_core.package_identification[0m [1;30mLevel 1[0m _identify(tools) by extensions ['python_setup_py']
[1.095s] [34mcolcon.colcon_core.package_identification[0m [1;30mLevel 1[0m _identify(tools) by extension 'python_setup_py'
[1.095s] [34mcolcon.colcon_core.package_discovery[0m [1;30mLevel 1[0m discover_packages(recursive) using defaults
[1.096s] [34mcolcon.colcon_core.package_discovery[0m [1;30mLevel 1[0m discover_packages(ignore) discover
[1.096s] [34mcolcon.colcon_core.package_discovery[0m [1;30mLevel 1[0m discover_packages(ignore) using defaults
[1.096s] [34mcolcon.colcon_core.package_discovery[0m [1;30mLevel 1[0m discover_packages(path) discover
[1.096s] [34mcolcon.colcon_core.package_discovery[0m [1;30mLevel 1[0m discover_packages(path) using defaults
[1.153s] [34mcolcon.colcon_core.package_discovery[0m [1;30mLevel 1[0m discover_packages(prefix_path) check parameters
[1.153s] [34mcolcon.colcon_core.package_discovery[0m [1;30mLevel 1[0m discover_packages(prefix_path) discover
[1.161s] [34mcolcon.colcon_installed_package_information.package_discovery[0m [1;30mDEBUG[0m [32mFound 328 installed packages in /opt/ros/humble[0m
[1.178s] [34mcolcon.colcon_core.package_discovery[0m [1;30mLevel 1[0m discover_packages(prefix_path) using defaults
[1.271s] [34mcolcon.colcon_core.verb[0m [1;30mLevel 5[0m set package 'ros2_mapping_support' build argument 'cmake_args' from command line to 'None'
[1.271s] [34mcolcon.colcon_core.verb[0m [1;30mLevel 5[0m set package 'ros2_mapping_support' build argument 'cmake_target' from command line to 'None'
[1.271s] [34mcolcon.colcon_core.verb[0m [1;30mLevel 5[0m set package 'ros2_mapping_support' build argument 'cmake_target_skip_unavailable' from command line to 'False'
[1.271s] [34mcolcon.colcon_core.verb[0m [1;30mLevel 5[0m set package 'ros2_mapping_support' build argument 'cmake_clean_cache' from command line to 'False'
[1.271s] [34mcolcon.colcon_core.verb[0m [1;30mLevel 5[0m set package 'ros2_mapping_support' build argument 'cmake_clean_first' from command line to 'False'
[1.272s] [34mcolcon.colcon_core.verb[0m [1;30mLevel 5[0m set package 'ros2_mapping_support' build argument 'cmake_force_configure' from command line to 'False'
[1.272s] [34mcolcon.colcon_core.verb[0m [1;30mLevel 5[0m set package 'ros2_mapping_support' build argument 'ament_cmake_args' from command line to 'None'
[1.272s] [34mcolcon.colcon_core.verb[0m [1;30mLevel 5[0m set package 'ros2_mapping_support' build argument 'catkin_cmake_args' from command line to 'None'
[1.272s] [34mcolcon.colcon_core.verb[0m [1;30mLevel 5[0m set package 'ros2_mapping_support' build argument 'catkin_skip_building_tests' from command line to 'False'
[1.272s] [34mcolcon.colcon_core.verb[0m [1;30mDEBUG[0m [32mBuilding package 'ros2_mapping_support' with the following arguments: {'ament_cmake_args': None, 'build_base': '/home/team4/carto_ws/build/ros2_mapping_support', 'catkin_cmake_args': None, 'catkin_skip_building_tests': False, 'cmake_args': None, 'cmake_clean_cache': False, 'cmake_clean_first': False, 'cmake_force_configure': False, 'cmake_target': None, 'cmake_target_skip_unavailable': False, 'install_base': '/home/team4/carto_ws/install/ros2_mapping_support', 'merge_install': False, 'path': '/home/team4/carto_ws/src/ros2_mapping_support', 'symlink_install': True, 'test_result_base': None}[0m
[1.272s] [34mcolcon.colcon_core.executor[0m [1;30mINFO[0m Executing jobs using 'parallel' executor
[1.274s] [34mcolcon.colcon_parallel_executor.executor.parallel[0m [1;30mDEBUG[0m [32mrun_until_complete[0m
[1.275s] [34mcolcon.colcon_ros.task.ament_python.build[0m [1;30mINFO[0m Building ROS package in '/home/team4/carto_ws/src/ros2_mapping_support' with build type 'ament_python'
[1.275s] [34mcolcon.colcon_core.shell[0m [1;30mLevel 1[0m create_environment_hook('ros2_mapping_support', 'ament_prefix_path')
[1.282s] [34mcolcon.colcon_core.plugin_system[0m [1;30mINFO[0m Skipping extension 'colcon_core.shell.bat': Not used on non-Windows systems
[1.283s] [34mcolcon.colcon_core.shell[0m [1;30mINFO[0m Creating environment hook '/home/team4/carto_ws/install/ros2_mapping_support/share/ros2_mapping_support/hook/ament_prefix_path.ps1'
[1.285s] [34mcolcon.colcon_core.shell[0m [1;30mINFO[0m Creating environment descriptor '/home/team4/carto_ws/install/ros2_mapping_support/share/ros2_mapping_support/hook/ament_prefix_path.dsv'
[1.286s] [34mcolcon.colcon_core.shell[0m [1;30mINFO[0m Creating environment hook '/home/team4/carto_ws/install/ros2_mapping_support/share/ros2_mapping_support/hook/ament_prefix_path.sh'
[1.291s] [34mcolcon.colcon_core.shell[0m [1;30mINFO[0m Skip shell extension 'powershell' for command environment: Not usable outside of PowerShell
[1.292s] [34mcolcon.colcon_core.shell[0m [1;30mDEBUG[0m [32mSkip shell extension 'dsv' for command environment[0m
[1.874s] [34mcolcon.colcon_core.task.python.build[0m [1;30mINFO[0m Building Python package in '/home/team4/carto_ws/src/ros2_mapping_support'
[1.875s] [34mcolcon.colcon_core.shell[0m [1;30mINFO[0m Skip shell extension 'powershell' for command environment: Not usable outside of PowerShell
[1.875s] [34mcolcon.colcon_core.shell[0m [1;30mDEBUG[0m [32mSkip shell extension 'dsv' for command environment[0m
[2.694s] [34mcolcon.colcon_core.event_handler.log_command[0m [1;30mDEBUG[0m [32mInvoking command in '/home/team4/carto_ws/build/ros2_mapping_support': PYTHONPATH=/home/team4/carto_ws/build/ros2_mapping_support/prefix_override:/usr/lib/python3/dist-packages/colcon_core/task/python/colcon_distutils_commands:/home/team4/carto_ws/install/ros2_mapping_support/lib/python3.10/site-packages:${PYTHONPATH} /usr/bin/python3 -W ignore:setup.py install is deprecated -W ignore:easy_install command is deprecated setup.py develop --editable --build-directory /home/team4/carto_ws/build/ros2_mapping_support/build --no-deps symlink_data[0m
[3.750s] [34mcolcon.colcon_core.shell[0m [1;30mLevel 1[0m create_environment_hook('ros2_mapping_support', 'pythonpath_develop')
[3.751s] [34mcolcon.colcon_core.shell[0m [1;30mINFO[0m Creating environment hook '/home/team4/carto_ws/build/ros2_mapping_support/share/ros2_mapping_support/hook/pythonpath_develop.ps1'
[3.752s] [34mcolcon.colcon_core.event_handler.log_command[0m [1;30mDEBUG[0m [32mInvoked command in '/home/team4/carto_ws/build/ros2_mapping_support' returned '0': PYTHONPATH=/home/team4/carto_ws/build/ros2_mapping_support/prefix_override:/usr/lib/python3/dist-packages/colcon_core/task/python/colcon_distutils_commands:/home/team4/carto_ws/install/ros2_mapping_support/lib/python3.10/site-packages:${PYTHONPATH} /usr/bin/python3 -W ignore:setup.py install is deprecated -W ignore:easy_install command is deprecated setup.py develop --editable --build-directory /home/team4/carto_ws/build/ros2_mapping_support/build --no-deps symlink_data[0m
[3.753s] [34mcolcon.colcon_core.shell[0m [1;30mINFO[0m Creating environment descriptor '/home/team4/carto_ws/build/ros2_mapping_support/share/ros2_mapping_support/hook/pythonpath_develop.dsv'
[3.754s] [34mcolcon.colcon_core.shell[0m [1;30mINFO[0m Creating environment hook '/home/team4/carto_ws/build/ros2_mapping_support/share/ros2_mapping_support/hook/pythonpath_develop.sh'
[3.767s] [34mcolcon.colcon_core.environment[0m [1;30mLevel 1[0m checking '/home/team4/carto_ws/install/ros2_mapping_support' for CMake module files
[3.768s] [34mcolcon.colcon_core.environment[0m [1;30mLevel 1[0m checking '/home/team4/carto_ws/install/ros2_mapping_support' for CMake config files
[3.769s] [34mcolcon.colcon_core.environment[0m [1;30mLevel 1[0m checking '/home/team4/carto_ws/install/ros2_mapping_support/lib'
[3.770s] [34mcolcon.colcon_core.environment[0m [1;30mLevel 1[0m checking '/home/team4/carto_ws/install/ros2_mapping_support/bin'
[3.770s] [34mcolcon.colcon_core.environment[0m [1;30mLevel 1[0m checking '/home/team4/carto_ws/install/ros2_mapping_support/lib/pkgconfig/ros2_mapping_support.pc'
[3.770s] [34mcolcon.colcon_core.environment[0m [1;30mLevel 1[0m checking '/home/team4/carto_ws/install/ros2_mapping_support/lib/python3.10/site-packages'
[3.770s] [34mcolcon.colcon_core.shell[0m [1;30mLevel 1[0m create_environment_hook('ros2_mapping_support', 'pythonpath')
[3.771s] [34mcolcon.colcon_core.shell[0m [1;30mINFO[0m Creating environment hook '/home/team4/carto_ws/install/ros2_mapping_support/share/ros2_mapping_support/hook/pythonpath.ps1'
[3.772s] [34mcolcon.colcon_core.shell[0m [1;30mINFO[0m Creating environment descriptor '/home/team4/carto_ws/install/ros2_mapping_support/share/ros2_mapping_support/hook/pythonpath.dsv'
[3.772s] [34mcolcon.colcon_core.shell[0m [1;30mINFO[0m Creating environment hook '/home/team4/carto_ws/install/ros2_mapping_support/share/ros2_mapping_support/hook/pythonpath.sh'
[3.774s] [34mcolcon.colcon_core.environment[0m [1;30mLevel 1[0m checking '/home/team4/carto_ws/install/ros2_mapping_support/bin'
[3.774s] [34mcolcon.colcon_core.environment[0m [1;30mLevel 1[0m create_environment_scripts_only(ros2_mapping_support)
[3.775s] [34mcolcon.colcon_core.shell[0m [1;30mINFO[0m Creating package script '/home/team4/carto_ws/install/ros2_mapping_support/share/ros2_mapping_support/package.ps1'
[3.777s] [34mcolcon.colcon_core.shell[0m [1;30mINFO[0m Creating package descriptor '/home/team4/carto_ws/install/ros2_mapping_support/share/ros2_mapping_support/package.dsv'
[3.779s] [34mcolcon.colcon_core.shell[0m [1;30mINFO[0m Creating package script '/home/team4/carto_ws/install/ros2_mapping_support/share/ros2_mapping_support/package.sh'
[3.782s] [34mcolcon.colcon_core.shell[0m [1;30mINFO[0m Creating package script '/home/team4/carto_ws/install/ros2_mapping_support/share/ros2_mapping_support/package.bash'
[3.784s] [34mcolcon.colcon_core.shell[0m [1;30mINFO[0m Creating package script '/home/team4/carto_ws/install/ros2_mapping_support/share/ros2_mapping_support/package.zsh'
[3.787s] [34mcolcon.colcon_core.environment[0m [1;30mLevel 1[0m create_file_with_runtime_dependencies(/home/team4/carto_ws/install/ros2_mapping_support/share/colcon-core/packages/ros2_mapping_support)
[3.788s] [34mcolcon.colcon_parallel_executor.executor.parallel[0m [1;30mDEBUG[0m [32mclosing loop[0m
[3.789s] [34mcolcon.colcon_parallel_executor.executor.parallel[0m [1;30mDEBUG[0m [32mloop closed[0m
[3.789s] [34mcolcon.colcon_parallel_executor.executor.parallel[0m [1;30mDEBUG[0m [32mrun_until_complete finished with '0'[0m
[3.789s] [34mcolcon.colcon_core.event_reactor[0m [1;30mDEBUG[0m [32mjoining thread[0m
[3.813s] [34mcolcon.colcon_core.plugin_system[0m [1;30mINFO[0m Skipping extension 'colcon_notification.desktop_notification.terminal_notifier': Not used on non-Darwin systems
[3.813s] [34mcolcon.colcon_core.plugin_system[0m [1;30mINFO[0m Skipping extension 'colcon_notification.desktop_notification.win32': Not used on non-Windows systems
[3.813s] [34mcolcon.colcon_notification.desktop_notification[0m [1;30mINFO[0m Sending desktop notification using 'notify2'
[3.866s] [34mcolcon.colcon_core.event_reactor[0m [1;30mDEBUG[0m [32mjoined thread[0m
[3.867s] [34mcolcon.colcon_core.shell[0m [1;30mINFO[0m Creating prefix script '/home/team4/carto_ws/install/local_setup.ps1'
[3.872s] [34mcolcon.colcon_core.shell[0m [1;30mINFO[0m Creating prefix util module '/home/team4/carto_ws/install/_local_setup_util_ps1.py'
[3.874s] [34mcolcon.colcon_core.shell[0m [1;30mINFO[0m Creating prefix chain script '/home/team4/carto_ws/install/setup.ps1'
[3.877s] [34mcolcon.colcon_core.shell[0m [1;30mINFO[0m Creating prefix script '/home/team4/carto_ws/install/local_setup.sh'
[3.879s] [34mcolcon.colcon_core.shell[0m [1;30mINFO[0m Creating prefix util module '/home/team4/carto_ws/install/_local_setup_util_sh.py'
[3.880s] [34mcolcon.colcon_core.shell[0m [1;30mINFO[0m Creating prefix chain script '/home/team4/carto_ws/install/setup.sh'
[3.884s] [34mcolcon.colcon_core.shell[0m [1;30mINFO[0m Creating prefix script '/home/team4/carto_ws/install/local_setup.bash'
[3.886s] [34mcolcon.colcon_core.shell[0m [1;30mINFO[0m Creating prefix chain script '/home/team4/carto_ws/install/setup.bash'
[3.890s] [34mcolcon.colcon_core.shell[0m [1;30mINFO[0m Creating prefix script '/home/team4/carto_ws/install/local_setup.zsh'
[3.892s] [34mcolcon.colcon_core.shell[0m [1;30mINFO[0m Creating prefix chain script '/home/team4/carto_ws/install/setup.zsh'
