[1.364s] Invoking command in '/home/team4/carto_ws/build/ros2_mapping_support': PYTHONPATH=/home/team4/carto_ws/build/ros2_mapping_support/prefix_override:/usr/lib/python3/dist-packages/colcon_core/task/python/colcon_distutils_commands:/home/team4/carto_ws/install/ros2_mapping_support/lib/python3.10/site-packages:${PYTHONPATH} /usr/bin/python3 -W ignore:setup.py install is deprecated -W ignore:easy_install command is deprecated setup.py develop --editable --build-directory /home/team4/carto_ws/build/ros2_mapping_support/build --no-deps symlink_data
[1.910s] running develop
[2.295s] running egg_info
[2.295s] creating ros2_mapping_support.egg-info
[2.295s] writing ros2_mapping_support.egg-info/PKG-INFO
[2.296s] writing dependency_links to ros2_mapping_support.egg-info/dependency_links.txt
[2.296s] writing entry points to ros2_mapping_support.egg-info/entry_points.txt
[2.296s] writing requirements to ros2_mapping_support.egg-info/requires.txt
[2.296s] writing top-level names to ros2_mapping_support.egg-info/top_level.txt
[2.297s] writing manifest file 'ros2_mapping_support.egg-info/SOURCES.txt'
[2.301s] reading manifest file 'ros2_mapping_support.egg-info/SOURCES.txt'
[2.302s] writing manifest file 'ros2_mapping_support.egg-info/SOURCES.txt'
[2.305s] running build_ext
[2.306s] Creating /home/team4/carto_ws/install/ros2_mapping_support/lib/python3.10/site-packages/ros2-mapping-support.egg-link (link to .)
[2.307s] Installing bno055_imu_node script to /home/team4/carto_ws/install/ros2_mapping_support/lib/ros2_mapping_support
[2.307s] Installing motor_driver_pca_reg_dual script to /home/team4/carto_ws/install/ros2_mapping_support/lib/ros2_mapping_support
[2.308s] 
[2.308s] Installed /home/team4/carto_ws/build/ros2_mapping_support
[2.309s] running symlink_data
[2.309s] creating /home/team4/carto_ws/install/ros2_mapping_support/share/ament_index
[2.309s] creating /home/team4/carto_ws/install/ros2_mapping_support/share/ament_index/resource_index
[2.310s] creating /home/team4/carto_ws/install/ros2_mapping_support/share/ament_index/resource_index/packages
[2.310s] symbolically linking /home/team4/carto_ws/build/ros2_mapping_support/resource/ros2_mapping_support -> /home/team4/carto_ws/install/ros2_mapping_support/share/ament_index/resource_index/packages
[2.310s] symbolically linking /home/team4/carto_ws/build/ros2_mapping_support/package.xml -> /home/team4/carto_ws/install/ros2_mapping_support/share/ros2_mapping_support
[2.310s] creating /home/team4/carto_ws/install/ros2_mapping_support/share/ros2_mapping_support/config
[2.310s] symbolically linking /home/team4/carto_ws/build/ros2_mapping_support/config/cartographer_2d_no_odom.lua -> /home/team4/carto_ws/install/ros2_mapping_support/share/ros2_mapping_support/config
[2.311s] symbolically linking /home/team4/carto_ws/build/ros2_mapping_support/config/nav2_params_cartographer_slam.yaml -> /home/team4/carto_ws/install/ros2_mapping_support/share/ros2_mapping_support/config
[2.311s] symbolically linking /home/team4/carto_ws/build/ros2_mapping_support/config/nav2_params.yaml -> /home/team4/carto_ws/install/ros2_mapping_support/share/ros2_mapping_support/config
[2.311s] symbolically linking /home/team4/carto_ws/build/ros2_mapping_support/config/nav2_slam_toolbox_params.yaml -> /home/team4/carto_ws/install/ros2_mapping_support/share/ros2_mapping_support/config
[2.311s] symbolically linking /home/team4/carto_ws/build/ros2_mapping_support/config/simple_nav.xml -> /home/team4/carto_ws/install/ros2_mapping_support/share/ros2_mapping_support/config
[2.311s] symbolically linking /home/team4/carto_ws/build/ros2_mapping_support/config/slam_toolbox_online_async.yaml -> /home/team4/carto_ws/install/ros2_mapping_support/share/ros2_mapping_support/config
[2.312s] symbolically linking /home/team4/carto_ws/build/ros2_mapping_support/config/slam_toolbox_params.yaml -> /home/team4/carto_ws/install/ros2_mapping_support/share/ros2_mapping_support/config
[2.312s] symbolically linking /home/team4/carto_ws/build/ros2_mapping_support/config/slam_params.yaml -> /home/team4/carto_ws/install/ros2_mapping_support/share/ros2_mapping_support/config
[2.312s] symbolically linking /home/team4/carto_ws/build/ros2_mapping_support/config/my_map.yaml -> /home/team4/carto_ws/install/ros2_mapping_support/share/ros2_mapping_support/config
[2.312s] symbolically linking /home/team4/carto_ws/build/ros2_mapping_support/config/my_map.pgm -> /home/team4/carto_ws/install/ros2_mapping_support/share/ros2_mapping_support/config
[2.313s] symbolically linking /home/team4/carto_ws/build/ros2_mapping_support/config/ekf_imu_only.yaml -> /home/team4/carto_ws/install/ros2_mapping_support/share/ros2_mapping_support/config
[2.313s] creating /home/team4/carto_ws/install/ros2_mapping_support/share/ros2_mapping_support/launch
[2.313s] symbolically linking /home/team4/carto_ws/build/ros2_mapping_support/launch/cartographer_lidar_imu.launch.py -> /home/team4/carto_ws/install/ros2_mapping_support/share/ros2_mapping_support/launch
[2.313s] symbolically linking /home/team4/carto_ws/build/ros2_mapping_support/launch/full_system_cartographer_nav2.launch.py -> /home/team4/carto_ws/install/ros2_mapping_support/share/ros2_mapping_support/launch
[2.314s] symbolically linking /home/team4/carto_ws/build/ros2_mapping_support/launch/full_system_slamtoolbox_nav2.launch.py -> /home/team4/carto_ws/install/ros2_mapping_support/share/ros2_mapping_support/launch
[2.399s] Invoked command in '/home/team4/carto_ws/build/ros2_mapping_support' returned '0': PYTHONPATH=/home/team4/carto_ws/build/ros2_mapping_support/prefix_override:/usr/lib/python3/dist-packages/colcon_core/task/python/colcon_distutils_commands:/home/team4/carto_ws/install/ros2_mapping_support/lib/python3.10/site-packages:${PYTHONPATH} /usr/bin/python3 -W ignore:setup.py install is deprecated -W ignore:easy_install command is deprecated setup.py develop --editable --build-directory /home/team4/carto_ws/build/ros2_mapping_support/build --no-deps symlink_data
